\BOOKMARK [1][-]{section.0.1}{Introduction}{}% 1
\BOOKMARK [2][-]{subsection.0.1.1}{Aim of the project}{section.0.1}% 2
\BOOKMARK [1][-]{section.0.2}{List of abbreviations}{}% 3
\BOOKMARK [0][-]{chapter.1}{Methods}{}% 4
\BOOKMARK [1][-]{section*.5}{Subjects}{chapter.1}% 5
\BOOKMARK [1][-]{section.1.1}{Equipment}{chapter.1}% 6
\BOOKMARK [2][-]{subsection.1.1.1}{Calibration}{section.1.1}% 7
\BOOKMARK [2][-]{subsection.1.1.2}{Equipment Set-up}{section.1.1}% 8
\BOOKMARK [1][-]{section.1.2}{Measurement procedure}{chapter.1}% 9
\BOOKMARK [2][-]{subsection.1.2.1}{Complications during the procedure}{section.1.2}% 10
\BOOKMARK [2][-]{subsection.1.2.2}{Romberg's test}{section.1.2}% 11
\BOOKMARK [2][-]{subsection.1.2.3}{Data Collection}{section.1.2}% 12
\BOOKMARK [2][-]{subsection.1.2.4}{Methods for Data Analysis}{section.1.2}% 13
\BOOKMARK [0][-]{chapter.2}{Measurement Results}{}% 14
\BOOKMARK [1][-]{section.2.1}{Subject No. 1}{chapter.2}% 15
\BOOKMARK [1][-]{section.2.2}{Subject No. 2}{chapter.2}% 16
\BOOKMARK [1][-]{section.2.3}{Subject No. 3}{chapter.2}% 17
\BOOKMARK [1][-]{section.2.4}{Subject No. 4}{chapter.2}% 18
\BOOKMARK [1][-]{section.2.5}{Subject No. 5}{chapter.2}% 19
\BOOKMARK [0][-]{chapter.3}{Discussion}{}% 20
\BOOKMARK [0][-]{chapter.4}{Conclusion}{}% 21
\BOOKMARK [0][-]{appendix.A}{Romberg's test}{}% 22
\BOOKMARK [0][-]{appendix.B}{Matlab code to analyze the retrieved data from the Wii board}{}% 23
\BOOKMARK [0][-]{appendix.C}{Bibliography}{}% 24
\BOOKMARK [0][-]{section*.6}{Project Specification}{}% 25
