\BOOKMARK [1][-]{section.0.1}{Introduction}{}% 1
\BOOKMARK [0][-]{chapter.1}{How beer is brewed}{}% 2
\BOOKMARK [1][-]{section.1.1}{Overview of Beer Brewing}{chapter.1}% 3
\BOOKMARK [1][-]{section.1.2}{Malting}{chapter.1}% 4
\BOOKMARK [1][-]{section.1.3}{Mashing}{chapter.1}% 5
\BOOKMARK [1][-]{section.1.4}{Worting}{chapter.1}% 6
\BOOKMARK [1][-]{section.1.5}{Fermentation}{chapter.1}% 7
\BOOKMARK [1][-]{section.1.6}{Packing}{chapter.1}% 8
\BOOKMARK [1][-]{section.1.7}{Reasons for this thesis}{chapter.1}% 9
\BOOKMARK [0][-]{chapter.2}{Fermentation Measurement Methods}{}% 10
\BOOKMARK [1][-]{section.2.1}{Densitometry}{chapter.2}% 11
\BOOKMARK [1][-]{section.2.2}{Near and Mid Infra-red Spectroscopy}{chapter.2}% 12
\BOOKMARK [1][-]{section.2.3}{Gas Chromatography}{chapter.2}% 13
\BOOKMARK [1][-]{section.2.4}{Hydrometry}{chapter.2}% 14
\BOOKMARK [0][-]{chapter.3}{Solution proposition}{}% 15
\BOOKMARK [1][-]{section.3.1}{How Hydrometry work}{chapter.3}% 16
\BOOKMARK [1][-]{section.3.2}{The risk of Hydrometry}{chapter.3}% 17
\BOOKMARK [1][-]{section.3.3}{Proposed solution}{chapter.3}% 18
\BOOKMARK [0][-]{chapter.4}{Technical Implementation}{}% 19
\BOOKMARK [1][-]{section.4.1}{Physical Architecture}{chapter.4}% 20
\BOOKMARK [2][-]{subsection.4.1.1}{Raspberry Pi Zero W}{section.4.1}% 21
\BOOKMARK [2][-]{subsection.4.1.2}{HC-sr04 Ultrasonic Ranging Module}{section.4.1}% 22
\BOOKMARK [2][-]{subsection.4.1.3}{DHT-11 Digital Humidity and Temperature sensor}{section.4.1}% 23
\BOOKMARK [2][-]{subsection.4.1.4}{Additional Components}{section.4.1}% 24
\BOOKMARK [1][-]{section.4.2}{Software Architecture}{chapter.4}% 25
\BOOKMARK [2][-]{subsection.4.2.1}{Raspbian Stretch}{section.4.2}% 26
\BOOKMARK [2][-]{subsection.4.2.2}{Cron Linux Daemon}{section.4.2}% 27
\BOOKMARK [2][-]{subsection.4.2.3}{InfluxDB}{section.4.2}% 28
\BOOKMARK [2][-]{subsection.4.2.4}{Grafana}{section.4.2}% 29
\BOOKMARK [2][-]{subsection.4.2.5}{Main Software module}{section.4.2}% 30
\BOOKMARK [2][-]{subsection.4.2.6}{Hc-SR04 ultrasonic sensor module}{section.4.2}% 31
\BOOKMARK [2][-]{subsection.4.2.7}{DHT- 11}{section.4.2}% 32
\BOOKMARK [0][-]{chapter.5}{Testing}{}% 33
\BOOKMARK [1][-]{section.5.1}{Hc-sr04 verification}{chapter.5}% 34
\BOOKMARK [2][-]{subsection.5.1.1}{Amount of measurements}{section.5.1}% 35
\BOOKMARK [2][-]{subsection.5.1.2}{Verification of system capabilities}{section.5.1}% 36
\BOOKMARK [0][-]{chapter.6}{Discussion and Conclusion}{}% 37
\BOOKMARK [1][-]{subsection.6.0.1}{Discussion}{chapter.6}% 38
\BOOKMARK [2][-]{subsection.6.0.2}{Business plan}{subsection.6.0.1}% 39
\BOOKMARK [2][-]{subsection.6.0.3}{Conclusion}{subsection.6.0.1}% 40
\BOOKMARK [0][-]{appendix.A}{Bibliography}{}% 41
\BOOKMARK [0][-]{section*.12}{Project Specification}{}% 42
