This is pdfTeX, Version 3.14159265-2.6-1.40.19 (MiKTeX 2.9.6700 64-bit) (preloaded format=pdflatex 2018.5.14)  31 JAN 2019 16:03
entering extended mode
**./Thesis.tex
(Thesis.tex
LaTeX2e <2018-04-01> patch level 4
Babel <3.20> and hyphenation patterns for 75 language(s) loaded.
(ctuthesis.cls ("C:\Program Files\MiKTeX 2.9\tex\latex\l3kernel\expl3.sty"
Package: expl3 2018-04-30 L3 programming layer (loader) 

("C:\Program Files\MiKTeX 2.9\tex\latex\l3kernel\expl3-code.tex"
Package: expl3 2018-04-30 L3 programming layer (code)
\c_max_int=\count80
\l_tmpa_int=\count81
\l_tmpb_int=\count82
\g_tmpa_int=\count83
\g_tmpb_int=\count84
\g__kernel_prg_map_int=\count85
\c_log_iow=\count86
\l_iow_line_count_int=\count87
\l__iow_line_target_int=\count88
\l__iow_one_indent_int=\count89
\l__iow_indent_int=\count90
\c_zero_dim=\dimen102
\c_max_dim=\dimen103
\l_tmpa_dim=\dimen104
\l_tmpb_dim=\dimen105
\g_tmpa_dim=\dimen106
\g_tmpb_dim=\dimen107
\c_zero_skip=\skip41
\c_max_skip=\skip42
\l_tmpa_skip=\skip43
\l_tmpb_skip=\skip44
\g_tmpa_skip=\skip45
\g_tmpb_skip=\skip46
\c_zero_muskip=\muskip10
\c_max_muskip=\muskip11
\l_tmpa_muskip=\muskip12
\l_tmpb_muskip=\muskip13
\g_tmpa_muskip=\muskip14
\g_tmpb_muskip=\muskip15
\l_keys_choice_int=\count91
\l__intarray_loop_int=\count92
\c__intarray_sp_dim=\dimen108
\g__intarray_font_int=\count93
\c__fp_leading_shift_int=\count94
\c__fp_middle_shift_int=\count95
\c__fp_trailing_shift_int=\count96
\c__fp_big_leading_shift_int=\count97
\c__fp_big_middle_shift_int=\count98
\c__fp_big_trailing_shift_int=\count99
\c__fp_Bigg_leading_shift_int=\count100
\c__fp_Bigg_middle_shift_int=\count101
\c__fp_Bigg_trailing_shift_int=\count102
\c__kernel_randint_max_int=\count103
\g__fp_array_int=\count104
\l__fp_array_loop_int=\count105
\l__sort_length_int=\count106
\l__sort_min_int=\count107
\l__sort_top_int=\count108
\l__sort_max_int=\count109
\l__sort_true_max_int=\count110
\l__sort_block_int=\count111
\l__sort_begin_int=\count112
\l__sort_end_int=\count113
\l__sort_A_int=\count114
\l__sort_B_int=\count115
\l__sort_C_int=\count116
\l__tl_analysis_normal_int=\count117
\l__tl_analysis_index_int=\count118
\l__tl_analysis_nesting_int=\count119
\l__tl_analysis_type_int=\count120
\l__regex_internal_a_int=\count121
\l__regex_internal_b_int=\count122
\l__regex_internal_c_int=\count123
\l__regex_balance_int=\count124
\l__regex_group_level_int=\count125
\l__regex_mode_int=\count126
\c__regex_cs_in_class_mode_int=\count127
\c__regex_cs_mode_int=\count128
\l__regex_catcodes_int=\count129
\l__regex_default_catcodes_int=\count130
\c__regex_catcode_D_int=\count131
\c__regex_catcode_S_int=\count132
\c__regex_catcode_L_int=\count133
\c__regex_catcode_O_int=\count134
\c__regex_catcode_A_int=\count135
\c__regex_all_catcodes_int=\count136
\l__regex_show_lines_int=\count137
\l__regex_min_state_int=\count138
\l__regex_max_state_int=\count139
\l__regex_left_state_int=\count140
\l__regex_right_state_int=\count141
\l__regex_capturing_group_int=\count142
\l__regex_min_pos_int=\count143
\l__regex_max_pos_int=\count144
\l__regex_curr_pos_int=\count145
\l__regex_start_pos_int=\count146
\l__regex_success_pos_int=\count147
\l__regex_curr_char_int=\count148
\l__regex_curr_catcode_int=\count149
\l__regex_last_char_int=\count150
\l__regex_case_changed_char_int=\count151
\l__regex_curr_state_int=\count152
\l__regex_step_int=\count153
\l__regex_min_active_int=\count154
\l__regex_max_active_int=\count155
\l__regex_replacement_csnames_int=\count156
\l__regex_match_count_int=\count157
\l__regex_min_submatch_int=\count158
\l__regex_submatch_int=\count159
\l__regex_zeroth_submatch_int=\count160
\g__regex_trace_regex_int=\count161
\c_empty_box=\box26
\l_tmpa_box=\box27
\l_tmpb_box=\box28
\g_tmpa_box=\box29
\g_tmpb_box=\box30
\l__box_top_dim=\dimen109
\l__box_bottom_dim=\dimen110
\l__box_left_dim=\dimen111
\l__box_right_dim=\dimen112
\l__box_top_new_dim=\dimen113
\l__box_bottom_new_dim=\dimen114
\l__box_left_new_dim=\dimen115
\l__box_right_new_dim=\dimen116
\l__box_internal_box=\box31
\l__coffin_internal_box=\box32
\l__coffin_internal_dim=\dimen117
\l__coffin_offset_x_dim=\dimen118
\l__coffin_offset_y_dim=\dimen119
\l__coffin_x_dim=\dimen120
\l__coffin_y_dim=\dimen121
\l__coffin_x_prime_dim=\dimen122
\l__coffin_y_prime_dim=\dimen123
\c_empty_coffin=\box33
\l__coffin_aligned_coffin=\box34
\l__coffin_aligned_internal_coffin=\box35
\l_tmpa_coffin=\box36
\l_tmpb_coffin=\box37
\l__coffin_display_coffin=\box38
\l__coffin_display_coord_coffin=\box39
\l__coffin_display_pole_coffin=\box40
\l__coffin_display_offset_dim=\dimen124
\l__coffin_display_x_dim=\dimen125
\l__coffin_display_y_dim=\dimen126
\g__file_internal_ior=\read1
\l__coffin_bounding_shift_dim=\dimen127
\l__coffin_left_corner_dim=\dimen128
\l__coffin_right_corner_dim=\dimen129
\l__coffin_bottom_corner_dim=\dimen130
\l__coffin_top_corner_dim=\dimen131
\l__coffin_scaled_total_height_dim=\dimen132
\l__coffin_scaled_width_dim=\dimen133
\l__seq_internal_a_int=\count162
\l__seq_internal_b_int=\count163
)
("C:\Program Files\MiKTeX 2.9\tex\latex\l3kernel\l3pdfmode.def"
File: l3pdfmode.def 2018-05-12 v L3 Experimental driver: PDF mode
\l__driver_color_stack_int=\count164
))
("C:\Program Files\MiKTeX 2.9\tex\latex\l3packages\l3keys2e\l3keys2e.sty"
Package: l3keys2e 2018-05-12 LaTeX2e option processing using LaTeX3 keys
)
("C:\Program Files\MiKTeX 2.9\tex\latex\environ\environ.sty"
Package: environ 2014/05/04 v0.3 A new way to define environments

("C:\Program Files\MiKTeX 2.9\tex\latex\trimspaces\trimspaces.sty"
Package: trimspaces 2009/09/17 v1.1 Trim spaces around a token list
)
\@envbody=\toks14
)
("C:\Program Files\MiKTeX 2.9\tex\latex\l3packages\xparse\xparse.sty"
Package: xparse 2018-05-12 L3 Experimental document command parser
\l__xparse_current_arg_int=\count165
\g__xparse_grabber_int=\count166
\l__xparse_m_args_int=\count167
\l__xparse_mandatory_args_int=\count168
\l__xparse_v_nesting_int=\count169
)
("C:\Program Files\MiKTeX 2.9\tex\latex\base\inputenc.sty"
Package: inputenc 2018/04/06 v1.3b Input encoding file
\inpenc@prehook=\toks15
\inpenc@posthook=\toks16
)
Document Class: ctuthesis 2016/06/15 v0.1 t1606152353 Class for typesetting CTU
 theses and alike
(ctuth-core.tex
File: ctuth-core.tex 2016/06/15 v0.1t1606152353 "Core" part of the class ctuthe
sis
\g_ctuthesis_tempa_skip=\skip47
.................................................
. LaTeX info: "xparse/define-environment"
. 
. Defining environment 'abstract' with sig. '' on line 184.
.................................................
.................................................
. LaTeX info: "xparse/define-command"
. 
. Defining command \ctusetup with sig. 'm' on line 238.
.................................................
.................................................
. LaTeX info: "xparse/define-command"
. 
. Defining command \ctuthemeset with sig. '>{\TrimSpaces }m+m' on line 260.
.................................................
.................................................
. LaTeX info: "xparse/define-command"
. 
. Defining command \ctutemplateset with sig. '>{\TrimSpaces }m+m' on line 264.
.................................................
.................................................
. LaTeX info: "xparse/define-command"
. 
. Defining command \ctutheme with sig. '>{\TrimSpaces }m' on line 269.
.................................................
.................................................
. LaTeX info: "xparse/define-command"
. 
. Defining command \ctutemplate with sig. '>{\TrimSpaces }m' on line 273.
.................................................
.................................................
. LaTeX info: "xparse/define-command"
. 
. Defining command \ctufield with sig. 's>{\TrimSpaces }o>{\TrimSpaces }m' on
. line 290.
.................................................
.................................................
. LaTeX info: "xparse/define-command"
. 
. Defining command \ctuiftheme with sig. 's>{\TrimSpaces }m+m+m' on line 341.
.................................................
.................................................
. LaTeX info: "xparse/define-command"
. 
. Defining command \ctuiftemplate with sig. 's>{\TrimSpaces }m+m+m' on line
. 353.
.................................................
.................................................
. LaTeX info: "xparse/define-command"
. 
. Defining command \ctuiffield with sig. 's>{\TrimSpaces }o>{\TrimSpaces
. }m+m+m' on line 375.
.................................................
.................................................
. LaTeX info: "xparse/define-command"
. 
. Defining command \ctuifswitch with sig. '>{\TrimSpaces }m+m+m' on line 384.
.................................................
) ("C:\Program Files\MiKTeX 2.9\tex\latex\base\book.cls"
Document Class: book 2014/09/29 v1.4h Standard LaTeX document class
("C:\Program Files\MiKTeX 2.9\tex\latex\base\bk11.clo"
File: bk11.clo 2014/09/29 v1.4h Standard LaTeX file (size option)
)
\c@part=\count170
\c@chapter=\count171
\c@section=\count172
\c@subsection=\count173
\c@subsubsection=\count174
\c@paragraph=\count175
\c@subparagraph=\count176
\c@figure=\count177
\c@table=\count178
\abovecaptionskip=\skip48
\belowcaptionskip=\skip49
\bibindent=\dimen134
)
.................................................
. LaTeX info: "xparse/define-command"
. 
. Defining command \ctuprocess with sig. '' on line 51.
.................................................
.................................................
. LaTeX info: "xparse/define-command"
. 
. Defining command \ctuprocess@postprocess with sig. '' on line 54.
.................................................
.................................................
. LaTeX info: "xparse/define-command"
. 
. Defining command \ctuprocess@check with sig. '' on line 55.
.................................................
 (ctuth-names.tex
File: ctuthesis-names.def 2014/01/18 v0.1 "Names"partoftheclassctuthesis
.................................................
. LaTeX info: "xparse/define-command"
. 
. Defining command \monthinlanguage with sig. 'sm' on line 96.
.................................................
))
("C:\Program Files\MiKTeX 2.9\tex\latex\graphics\graphicx.sty"
Package: graphicx 2017/06/01 v1.1a Enhanced LaTeX Graphics (DPC,SPQR)

("C:\Program Files\MiKTeX 2.9\tex\latex\graphics\keyval.sty"
Package: keyval 2014/10/28 v1.15 key=value parser (DPC)
\KV@toks@=\toks17
)
("C:\Program Files\MiKTeX 2.9\tex\latex\graphics\graphics.sty"
Package: graphics 2017/06/25 v1.2c Standard LaTeX Graphics (DPC,SPQR)

("C:\Program Files\MiKTeX 2.9\tex\latex\graphics\trig.sty"
Package: trig 2016/01/03 v1.10 sin cos tan (DPC)
)
("C:\Program Files\MiKTeX 2.9\tex\latex\graphics-cfg\graphics.cfg"
File: graphics.cfg 2016/06/04 v1.11 sample graphics configuration
)
Package graphics Info: Driver file: pdftex.def on input line 99.

("C:\Program Files\MiKTeX 2.9\tex\latex\graphics-def\pdftex.def"
File: pdftex.def 2018/01/08 v1.0l Graphics/color driver for pdftex
))
\Gin@req@height=\dimen135
\Gin@req@width=\dimen136
)
("C:\Program Files\MiKTeX 2.9\tex\latex\listings\listings.sty"
\lst@mode=\count179
\lst@gtempboxa=\box41
\lst@token=\toks18
\lst@length=\count180
\lst@currlwidth=\dimen137
\lst@column=\count181
\lst@pos=\count182
\lst@lostspace=\dimen138
\lst@width=\dimen139
\lst@newlines=\count183
\lst@lineno=\count184
\lst@maxwidth=\dimen140

("C:\Program Files\MiKTeX 2.9\tex\latex\listings\lstmisc.sty"
File: lstmisc.sty 2015/06/04 1.6 (Carsten Heinz)
\c@lstnumber=\count185
\lst@skipnumbers=\count186
\lst@framebox=\box42
)
("C:\Program Files\MiKTeX 2.9\tex\latex\listings\listings.cfg"
File: listings.cfg 2015/06/04 1.6 listings configuration
))
Package: listings 2015/06/04 1.6 (Carsten Heinz)

("C:\Program Files\MiKTeX 2.9\tex\latex\mathtools\mathtools.sty"
Package: mathtools 2018/01/08 v1.21 mathematical typesetting tools

("C:\Program Files\MiKTeX 2.9\tex\latex\tools\calc.sty"
Package: calc 2017/05/25 v4.3 Infix arithmetic (KKT,FJ)
\calc@Acount=\count187
\calc@Bcount=\count188
\calc@Adimen=\dimen141
\calc@Bdimen=\dimen142
\calc@Askip=\skip50
\calc@Bskip=\skip51
LaTeX Info: Redefining \setlength on input line 80.
LaTeX Info: Redefining \addtolength on input line 81.
\calc@Ccount=\count189
\calc@Cskip=\skip52
)
("C:\Program Files\MiKTeX 2.9\tex\latex\mathtools\mhsetup.sty"
Package: mhsetup 2017/03/31 v1.3 programming setup (MH)
)
("C:\Program Files\MiKTeX 2.9\tex\latex\amsmath\amsmath.sty"
Package: amsmath 2017/09/02 v2.17a AMS math features
\@mathmargin=\skip53

For additional information on amsmath, use the `?' option.
("C:\Program Files\MiKTeX 2.9\tex\latex\amsmath\amstext.sty"
Package: amstext 2000/06/29 v2.01 AMS text

("C:\Program Files\MiKTeX 2.9\tex\latex\amsmath\amsgen.sty"
File: amsgen.sty 1999/11/30 v2.0 generic functions
\@emptytoks=\toks19
\ex@=\dimen143
))
("C:\Program Files\MiKTeX 2.9\tex\latex\amsmath\amsbsy.sty"
Package: amsbsy 1999/11/29 v1.2d Bold Symbols
\pmbraise@=\dimen144
)
("C:\Program Files\MiKTeX 2.9\tex\latex\amsmath\amsopn.sty"
Package: amsopn 2016/03/08 v2.02 operator names
)
\inf@bad=\count190
LaTeX Info: Redefining \frac on input line 213.
\uproot@=\count191
\leftroot@=\count192
LaTeX Info: Redefining \overline on input line 375.
\classnum@=\count193
\DOTSCASE@=\count194
LaTeX Info: Redefining \ldots on input line 472.
LaTeX Info: Redefining \dots on input line 475.
LaTeX Info: Redefining \cdots on input line 596.
\Mathstrutbox@=\box43
\strutbox@=\box44
\big@size=\dimen145
LaTeX Font Info:    Redeclaring font encoding OML on input line 712.
LaTeX Font Info:    Redeclaring font encoding OMS on input line 713.
\macc@depth=\count195
\c@MaxMatrixCols=\count196
\dotsspace@=\muskip16
\c@parentequation=\count197
\dspbrk@lvl=\count198
\tag@help=\toks20
\row@=\count199
\column@=\count266
\maxfields@=\count267
\andhelp@=\toks21
\eqnshift@=\dimen146
\alignsep@=\dimen147
\tagshift@=\dimen148
\tagwidth@=\dimen149
\totwidth@=\dimen150
\lineht@=\dimen151
\@envbody=\toks22
\multlinegap=\skip54
\multlinetaggap=\skip55
\mathdisplay@stack=\toks23
LaTeX Info: Redefining \[ on input line 2817.
LaTeX Info: Redefining \] on input line 2818.
)
LaTeX Info: Thecontrolsequence`\('isalreadyrobust on input line 129.
LaTeX Info: Thecontrolsequence`\)'isalreadyrobust on input line 129.
LaTeX Info: Thecontrolsequence`\['isalreadyrobust on input line 129.
LaTeX Info: Thecontrolsequence`\]'isalreadyrobust on input line 129.
\g_MT_multlinerow_int=\count268
\l_MT_multwidth_dim=\dimen152
\origjot=\skip56
\l_MT_shortvdotswithinadjustabove_dim=\dimen153
\l_MT_shortvdotswithinadjustbelow_dim=\dimen154
\l_MT_above_intertext_sep=\dimen155
\l_MT_below_intertext_sep=\dimen156
\l_MT_above_shortintertext_sep=\dimen157
\l_MT_below_shortintertext_sep=\dimen158
) (ctuth-pkg.tex
File: ctuth-pkg.tex 2016/06/15 v0.1t1606152353 "Packages" part of the class ctu
thesis

("C:\Program Files\MiKTeX 2.9\tex\latex\lm\lmodern.sty"
Package: lmodern 2009/10/30 v1.6 Latin Modern Fonts
LaTeX Font Info:    Overwriting symbol font `operators' in version `normal'
(Font)                  OT1/cmr/m/n --> OT1/lmr/m/n on input line 22.
LaTeX Font Info:    Overwriting symbol font `letters' in version `normal'
(Font)                  OML/cmm/m/it --> OML/lmm/m/it on input line 23.
LaTeX Font Info:    Overwriting symbol font `symbols' in version `normal'
(Font)                  OMS/cmsy/m/n --> OMS/lmsy/m/n on input line 24.
LaTeX Font Info:    Overwriting symbol font `largesymbols' in version `normal'
(Font)                  OMX/cmex/m/n --> OMX/lmex/m/n on input line 25.
LaTeX Font Info:    Overwriting symbol font `operators' in version `bold'
(Font)                  OT1/cmr/bx/n --> OT1/lmr/bx/n on input line 26.
LaTeX Font Info:    Overwriting symbol font `letters' in version `bold'
(Font)                  OML/cmm/b/it --> OML/lmm/b/it on input line 27.
LaTeX Font Info:    Overwriting symbol font `symbols' in version `bold'
(Font)                  OMS/cmsy/b/n --> OMS/lmsy/b/n on input line 28.
LaTeX Font Info:    Overwriting symbol font `largesymbols' in version `bold'
(Font)                  OMX/cmex/m/n --> OMX/lmex/m/n on input line 29.
LaTeX Font Info:    Overwriting math alphabet `\mathbf' in version `normal'
(Font)                  OT1/cmr/bx/n --> OT1/lmr/bx/n on input line 31.
LaTeX Font Info:    Overwriting math alphabet `\mathsf' in version `normal'
(Font)                  OT1/cmss/m/n --> OT1/lmss/m/n on input line 32.
LaTeX Font Info:    Overwriting math alphabet `\mathit' in version `normal'
(Font)                  OT1/cmr/m/it --> OT1/lmr/m/it on input line 33.
LaTeX Font Info:    Overwriting math alphabet `\mathtt' in version `normal'
(Font)                  OT1/cmtt/m/n --> OT1/lmtt/m/n on input line 34.
LaTeX Font Info:    Overwriting math alphabet `\mathbf' in version `bold'
(Font)                  OT1/cmr/bx/n --> OT1/lmr/bx/n on input line 35.
LaTeX Font Info:    Overwriting math alphabet `\mathsf' in version `bold'
(Font)                  OT1/cmss/bx/n --> OT1/lmss/bx/n on input line 36.
LaTeX Font Info:    Overwriting math alphabet `\mathit' in version `bold'
(Font)                  OT1/cmr/bx/it --> OT1/lmr/bx/it on input line 37.
LaTeX Font Info:    Overwriting math alphabet `\mathtt' in version `bold'
(Font)                  OT1/cmtt/m/n --> OT1/lmtt/m/n on input line 38.
)
("C:\Program Files\MiKTeX 2.9\tex\latex\base\fontenc.sty"
Package: fontenc 2017/04/05 v2.0i Standard LaTeX package

("C:\Program Files\MiKTeX 2.9\tex\latex\base\t1enc.def"
File: t1enc.def 2017/04/05 v2.0i Standard LaTeX file
LaTeX Font Info:    Redeclaring font encoding T1 on input line 48.
))
("C:\Program Files\MiKTeX 2.9\tex\latex\microtype\microtype.sty"
Package: microtype 2018/01/14 v2.7a Micro-typographical refinements (RS)
\MT@toks=\toks24
\MT@count=\count269
LaTeX Info: Redefining \textls on input line 793.
\MT@outer@kern=\dimen159
LaTeX Info: Redefining \textmicrotypecontext on input line 1339.
\MT@listname@count=\count270

("C:\Program Files\MiKTeX 2.9\tex\latex\microtype\microtype-pdftex.def"
File: microtype-pdftex.def 2018/01/14 v2.7a Definitions specific to pdftex (RS)

LaTeX Info: Redefining \lsstyle on input line 913.
LaTeX Info: Redefining \lslig on input line 913.
\MT@outer@space=\skip57
)
Package microtype Info: Loading configuration file microtype.cfg.

("C:\Program Files\MiKTeX 2.9\tex\latex\microtype\microtype.cfg"
File: microtype.cfg 2018/01/14 v2.7a microtype main configuration file (RS)
))
("C:\Program Files\MiKTeX 2.9\tex\latex\pdfpages\pdfpages.sty"
Package: pdfpages 2017/10/31 v0.5l Insert pages of external PDF documents (AM)

("C:\Program Files\MiKTeX 2.9\tex\latex\base\ifthen.sty"
Package: ifthen 2014/09/29 v1.1c Standard LaTeX ifthen package (DPC)
)
("C:\Program Files\MiKTeX 2.9\tex\latex\eso-pic\eso-pic.sty"
Package: eso-pic 2018/04/12 v2.0h eso-pic (RN)

("C:\Program Files\MiKTeX 2.9\tex\generic\oberdiek\atbegshi.sty"
Package: atbegshi 2016/06/09 v1.18 At begin shipout hook (HO)

("C:\Program Files\MiKTeX 2.9\tex\generic\oberdiek\infwarerr.sty"
Package: infwarerr 2016/05/16 v1.4 Providing info/warning/error messages (HO)
)
("C:\Program Files\MiKTeX 2.9\tex\generic\oberdiek\ltxcmds.sty"
Package: ltxcmds 2016/05/16 v1.23 LaTeX kernel commands for general use (HO)
)
("C:\Program Files\MiKTeX 2.9\tex\generic\oberdiek\ifpdf.sty"
Package: ifpdf 2017/03/15 v3.2 Provides the ifpdf switch
))
("C:\Program Files\MiKTeX 2.9\tex\latex\xcolor\xcolor.sty"
Package: xcolor 2016/05/11 v2.12 LaTeX color extensions (UK)

("C:\Program Files\MiKTeX 2.9\tex\latex\graphics-cfg\color.cfg"
File: color.cfg 2016/01/02 v1.6 sample color configuration
)
Package xcolor Info: Driver file: pdftex.def on input line 225.
Package xcolor Info: Model `cmy' substituted by `cmy0' on input line 1348.
Package xcolor Info: Model `hsb' substituted by `rgb' on input line 1352.
Package xcolor Info: Model `RGB' extended on input line 1364.
Package xcolor Info: Model `HTML' substituted by `rgb' on input line 1366.
Package xcolor Info: Model `Hsb' substituted by `hsb' on input line 1367.
Package xcolor Info: Model `tHsb' substituted by `hsb' on input line 1368.
Package xcolor Info: Model `HSB' substituted by `hsb' on input line 1369.
Package xcolor Info: Model `Gray' substituted by `gray' on input line 1370.
Package xcolor Info: Model `wave' substituted by `hsb' on input line 1371.
))
\AM@pagewidth=\dimen160
\AM@pageheight=\dimen161

("C:\Program Files\MiKTeX 2.9\tex\latex\pdfpages\pppdftex.def"
File: pppdftex.def 2017/10/31 v0.5l Pdfpages driver for pdfTeX (AM)
)
\AM@pagebox=\box45
\AM@global@opts=\toks25
\AM@toc@title=\toks26
\c@AM@survey=\count271
\AM@templatesizebox=\box46
)
("C:\Program Files\MiKTeX 2.9\tex\generic\babel\babel.sty"
Package: babel 2018/05/02 3.20 The Babel package

("C:\Program Files\MiKTeX 2.9\tex\generic\babel\switch.def"
File: switch.def 2018/05/02 3.20 Babel switching mechanism
)
*************************************
* Local config file bblopts.cfg used
*
("C:\Program Files\MiKTeX 2.9\tex\latex\arabi\bblopts.cfg"
File: bblopts.cfg 2005/09/08 v0.1 add Arabic and Farsi to "declared" options of
 babel
)
("C:\Program Files\MiKTeX 2.9\tex\latex\babel-english\english.ldf"
Language: english 2017/06/06 v3.3r English support from the babel system

("C:\Program Files\MiKTeX 2.9\tex\generic\babel\babel.def"
File: babel.def 2018/05/02 3.20 Babel common definitions
\babel@savecnt=\count272
\U@D=\dimen162

("C:\Program Files\MiKTeX 2.9\tex\generic\babel\txtbabel.def")
\bbl@dirlevel=\count273
)
\l@canadian = a dialect from \language\l@american 
\l@australian = a dialect from \language\l@british 
\l@newzealand = a dialect from \language\l@british 
)
("C:\Program Files\MiKTeX 2.9\tex\latex\babel-czech\czech.ldf"
Language: czech 2008/07/06 v3.1a Czech support from the babel system
Package babel Info: Making " an active character on input line 172.
\cs@wordlen=\count274
Package babel Info: Making - an active character on input line 226.
)
("C:\Program Files\MiKTeX 2.9\tex\latex\babel-english\english.ldf"
Language: english 2017/06/06 v3.3r English support from the babel system
)
("C:\Program Files\MiKTeX 2.9\tex\latex\babel-czech\czech.ldf"
Language: czech 2008/07/06 v3.1a Czech support from the babel system
)
("C:\Program Files\MiKTeX 2.9\tex\latex\babel-english\english.ldf"
Language: english 2017/06/06 v3.3r English support from the babel system
))
.................................................
. LaTeX info: "xparse/define-command"
. 
. Defining command \selectctulanguage with sig. 'm' on line 31.
.................................................
.................................................
. LaTeX info: "xparse/define-environment"
. 
. Defining environment 'twocolumnfrontmatterpage' with sig. '' on line 176.
.................................................
\g_ctuthesis_geometry_textwidth_dim=\dimen163
\g_ctuthesis_geometry_textheight_dim=\dimen164

("C:\Program Files\MiKTeX 2.9\tex\latex\geometry\geometry.sty"
Package: geometry 2018/04/16 v5.8 Page Geometry

("C:\Program Files\MiKTeX 2.9\tex\generic\oberdiek\ifvtex.sty"
Package: ifvtex 2016/05/16 v1.6 Detect VTeX and its facilities (HO)
Package ifvtex Info: VTeX not detected.
)
("C:\Program Files\MiKTeX 2.9\tex\generic\ifxetex\ifxetex.sty"
Package: ifxetex 2010/09/12 v0.6 Provides ifxetex conditional
)
\Gm@cnth=\count275
\Gm@cntv=\count276
\c@Gm@tempcnt=\count277
\Gm@bindingoffset=\dimen165
\Gm@wd@mp=\dimen166
\Gm@odd@mp=\dimen167
\Gm@even@mp=\dimen168
\Gm@layoutwidth=\dimen169
\Gm@layoutheight=\dimen170
\Gm@layouthoffset=\dimen171
\Gm@layoutvoffset=\dimen172
\Gm@dimlist=\toks27

("C:\Program Files\MiKTeX 2.9\tex\latex\geometry\geometry.cfg"))
\g_ctuthesis_geometry_innermargin_dim=\dimen173
*geometry* verbose mode - [ newgeometry ] result:
* driver: 
* paper: a4paper
* layout: <same size as paper>
* layoutoffset:(h,v)=(0.0pt,0.0pt)
* vratio: 5:6
* modes: twoside 
* h-part:(L,W,R)=(93.8031pt, 363.0pt, 140.70477pt)
* v-part:(T,H,B)=(96.02798pt, 633.78513pt, 115.23373pt)
* \paperwidth=597.50787pt
* \paperheight=845.04684pt
* \textwidth=363.0pt
* \textheight=633.78513pt
* \oddsidemargin=21.53311pt
* \evensidemargin=68.43478pt
* \topmargin=-12.1158pt
* \headheight=16.0pt
* \headsep=19.8738pt
* \topskip=11.0pt
* \footskip=27.46295pt
* \marginparwidth=106.0pt
* \marginparsep=10.0pt
* \columnsep=10.0pt
* \skip\footins=10.0pt plus 4.0pt minus 2.0pt
* \hoffset=0.0pt
* \voffset=0.0pt
* \mag=1000
* \@twocolumnfalse
* \@twosidetrue
* \@mparswitchtrue
* \@reversemarginfalse
* (1in=72.27pt=25.4mm, 1cm=28.453pt)


("C:\Program Files\MiKTeX 2.9\tex\latex\titlesec\titlesec.sty"
Package: titlesec 2016/03/21 v2.10.2 Sectioning titles
\ttl@box=\box47
\beforetitleunit=\skip58
\aftertitleunit=\skip59
\ttl@plus=\dimen174
\ttl@minus=\dimen175
\ttl@toksa=\toks28
\titlewidth=\dimen176
\titlewidthlast=\dimen177
\titlewidthfirst=\dimen178
)
\ctu@title@rulewidth=\skip60
\ctu@title@rulesep=\skip61
\ctu@title@box=\box48
.................................................
. LaTeX info: "xparse/redefine-command"
. 
. Redefining command \appendix with sig. 'ss' on line 443.
.................................................

("C:\Program Files\MiKTeX 2.9\tex\latex\fancyhdr\fancyhdr.sty"
Package: fancyhdr 2017/06/30 v3.9a Extensive control of page headers and footer
s
\f@nch@headwidth=\skip62
\f@nch@O@elh=\skip63
\f@nch@O@erh=\skip64
\f@nch@O@olh=\skip65
\f@nch@O@orh=\skip66
\f@nch@O@elf=\skip67
\f@nch@O@erf=\skip68
\f@nch@O@olf=\skip69
\f@nch@O@orf=\skip70
)
\g_ctuthesis_fancy_bluerule_l_box=\box49
LaTeX Font Info:    Try loading font information for T1+lmss on input line 589.


("C:\Program Files\MiKTeX 2.9\tex\latex\lm\t1lmss.fd"
File: t1lmss.fd 2009/10/30 v1.6 Font defs for Latin Modern
)
\g_ctuthesis_fancy_bluerule_r_box=\box50
\g_ctuthesis_fancy_bluerule_c_box=\box51
.................................................
. LaTeX info: "xparse/redefine-command"
. 
. Redefining command \cleardoublepage with sig. 's' on line 655.
.................................................

("C:\Program Files\MiKTeX 2.9\tex\latex\float\float.sty"
Package: float 2001/11/08 v1.3d Float enhancements (AL)
\c@float@type=\count278
\float@exts=\toks29
\float@box=\box52
\@float@everytoks=\toks30
\@floatcapt=\box53
)
("C:\Program Files\MiKTeX 2.9\tex\latex\caption\caption.sty"
Package: caption 2016/02/21 v3.3-144 Customizing captions (AR)

("C:\Program Files\MiKTeX 2.9\tex\latex\caption\caption3.sty"
Package: caption3 2016/05/22 v1.7-166 caption3 kernel (AR)
Package caption3 Info: TeX engine: e-TeX on input line 67.
\captionmargin=\dimen179
\captionmargin@=\dimen180
\captionwidth=\dimen181
\caption@tempdima=\dimen182
\caption@indent=\dimen183
\caption@parindent=\dimen184
\caption@hangindent=\dimen185
)
\c@ContinuedFloat=\count279
Package caption Info: float package is loaded.
Package caption Info: listings package is loaded.
)
\@float@every@figure=\toks31
\@float@every@table=\toks32

("C:\Program Files\MiKTeX 2.9\tex\latex\booktabs\booktabs.sty"
Package: booktabs 2005/04/14 v1.61803 publication quality tables
\heavyrulewidth=\dimen186
\lightrulewidth=\dimen187
\cmidrulewidth=\dimen188
\belowrulesep=\dimen189
\belowbottomsep=\dimen190
\aboverulesep=\dimen191
\abovetopsep=\dimen192
\cmidrulesep=\dimen193
\cmidrulekern=\dimen194
\defaultaddspace=\dimen195
\@cmidla=\count280
\@cmidlb=\count281
\@aboverulesep=\dimen196
\@belowrulesep=\dimen197
\@thisruleclass=\count282
\@lastruleclass=\count283
\@thisrulewidth=\dimen198
)
\g_ctuthesis_tempa_box=\box54
\g_ctuthesis_list_label_i_box=\box55
\g_ctuthesis_list_label_ii_box=\box56
\g_ctuthesis_list_label_iii_box=\box57
\g_ctuthesis_list_label_iv_box=\box58
.................................................
. LaTeX info: "xparse/define-command"
. 
. Defining command \itembox with sig. 'D(){0.15em}D(){0.15em}>{\TrimSpaces
. }O{ctubluebg}>{\TrimSpaces }O{black}>{\TrimSpaces }m' on line 784.
.................................................

("C:\Program Files\MiKTeX 2.9\tex\latex\amsfonts\amssymb.sty"
Package: amssymb 2013/01/14 v3.01 AMS font symbols

("C:\Program Files\MiKTeX 2.9\tex\latex\amsfonts\amsfonts.sty"
Package: amsfonts 2013/01/14 v3.01 Basic AMSFonts support
\symAMSa=\mathgroup4
\symAMSb=\mathgroup5
LaTeX Font Info:    Overwriting math alphabet `\mathfrak' in version `bold'
(Font)                  U/euf/m/n --> U/euf/b/n on input line 106.
))
("C:\Program Files\MiKTeX 2.9\tex\latex\amscls\amsthm.sty"
Package: amsthm 2017/10/31 v2.20.4
\thm@style=\toks33
\thm@bodyfont=\toks34
\thm@headfont=\toks35
\thm@notefont=\toks36
\thm@headpunct=\toks37
\thm@preskip=\skip71
\thm@postskip=\skip72
\thm@headsep=\skip73
\dth@everypar=\toks38
)
.................................................
. LaTeX info: "xparse/redefine-environment"
. 
. Redefining environment 'proof' with sig. 'O{\proofname }' on line 837.
.................................................

("C:\Program Files\MiKTeX 2.9\tex\latex\base\makeidx.sty"
Package: makeidx 2014/09/29 v1.0m Standard LaTeX package
)
\@indexfile=\write3
\openout3 = `Thesis.idx'.


Writing index file Thesis.idx
("C:\Program Files\MiKTeX 2.9\tex\latex\tools\multicol.sty"
Package: multicol 2018/04/20 v1.8s multicolumn formatting (FMi)
\c@tracingmulticols=\count284
\mult@box=\box59
\multicol@leftmargin=\dimen199
\c@unbalance=\count285
\c@collectmore=\count286
\doublecol@number=\count287
\multicoltolerance=\count288
\multicolpretolerance=\count289
\full@width=\dimen256
\page@free=\dimen257
\premulticols=\dimen258
\postmulticols=\dimen259
\multicolsep=\skip74
\multicolbaselineskip=\skip75
\partial@page=\box60
\last@line=\box61
\maxbalancingoverflow=\dimen260
\mult@rightbox=\box62
\mult@grightbox=\box63
\mult@gfirstbox=\box64
\mult@firstbox=\box65
\@tempa=\box66
\@tempa=\box67
\@tempa=\box68
\@tempa=\box69
\@tempa=\box70
\@tempa=\box71
\@tempa=\box72
\@tempa=\box73
\@tempa=\box74
\@tempa=\box75
\@tempa=\box76
\@tempa=\box77
\@tempa=\box78
\@tempa=\box79
\@tempa=\box80
\@tempa=\box81
\@tempa=\box82
\c@columnbadness=\count290
\c@finalcolumnbadness=\count291
\last@try=\dimen261
\multicolovershoot=\dimen262
\multicolundershoot=\dimen263
\mult@nat@firstbox=\box83
\colbreak@box=\box84
\mc@col@check@num=\count292
)
.................................................
. LaTeX info: "xparse/redefine-environment"
. 
. Redefining environment 'theindex' with sig. '' on line 876.
.................................................

("C:\Program Files\MiKTeX 2.9\tex\latex\hyperref\hyperref.sty"
Package: hyperref 2018/02/06 v6.86b Hypertext links for LaTeX

("C:\Program Files\MiKTeX 2.9\tex\generic\oberdiek\hobsub-hyperref.sty"
Package: hobsub-hyperref 2016/05/16 v1.14 Bundle oberdiek, subset hyperref (HO)


("C:\Program Files\MiKTeX 2.9\tex\generic\oberdiek\hobsub-generic.sty"
Package: hobsub-generic 2016/05/16 v1.14 Bundle oberdiek, subset generic (HO)
Package: hobsub 2016/05/16 v1.14 Construct package bundles (HO)
Package hobsub Info: Skipping package `infwarerr' (already loaded).
Package hobsub Info: Skipping package `ltxcmds' (already loaded).
Package: ifluatex 2016/05/16 v1.4 Provides the ifluatex switch (HO)
Package ifluatex Info: LuaTeX not detected.
Package hobsub Info: Skipping package `ifvtex' (already loaded).
Package: intcalc 2016/05/16 v1.2 Expandable calculations with integers (HO)
Package hobsub Info: Skipping package `ifpdf' (already loaded).
Package: etexcmds 2016/05/16 v1.6 Avoid name clashes with e-TeX commands (HO)
Package etexcmds Info: Could not find \expanded.
(etexcmds)             That can mean that you are not using pdfTeX 1.50 or
(etexcmds)             that some package has redefined \expanded.
(etexcmds)             In the latter case, load this package earlier.
Package: kvsetkeys 2016/05/16 v1.17 Key value parser (HO)
Package: kvdefinekeys 2016/05/16 v1.4 Define keys (HO)
Package: pdftexcmds 2018/01/30 v0.27 Utility functions of pdfTeX for LuaTeX (HO
)
Package pdftexcmds Info: LuaTeX not detected.
Package pdftexcmds Info: \pdf@primitive is available.
Package pdftexcmds Info: \pdf@ifprimitive is available.
Package pdftexcmds Info: \pdfdraftmode found.
Package: pdfescape 2016/05/16 v1.14 Implements pdfTeX's escape features (HO)
Package: bigintcalc 2016/05/16 v1.4 Expandable calculations on big integers (HO
)
Package: bitset 2016/05/16 v1.2 Handle bit-vector datatype (HO)
Package: uniquecounter 2016/05/16 v1.3 Provide unlimited unique counter (HO)
)
Package hobsub Info: Skipping package `hobsub' (already loaded).
Package: letltxmacro 2016/05/16 v1.5 Let assignment for LaTeX macros (HO)
Package: hopatch 2016/05/16 v1.3 Wrapper for package hooks (HO)
Package: xcolor-patch 2016/05/16 xcolor patch
Package: atveryend 2016/05/16 v1.9 Hooks at the very end of document (HO)
Package atveryend Info: \enddocument detected (standard20110627).
Package hobsub Info: Skipping package `atbegshi' (already loaded).
Package: refcount 2016/05/16 v3.5 Data extraction from label references (HO)
Package: hycolor 2016/05/16 v1.8 Color options for hyperref/bookmark (HO)
)
("C:\Program Files\MiKTeX 2.9\tex\latex\oberdiek\auxhook.sty"
Package: auxhook 2016/05/16 v1.4 Hooks for auxiliary files (HO)
)
("C:\Program Files\MiKTeX 2.9\tex\latex\oberdiek\kvoptions.sty"
Package: kvoptions 2016/05/16 v3.12 Key value format for package options (HO)
)
\@linkdim=\dimen264
\Hy@linkcounter=\count293
\Hy@pagecounter=\count294

("C:\Program Files\MiKTeX 2.9\tex\latex\hyperref\pd1enc.def"
File: pd1enc.def 2018/02/06 v6.86b Hyperref: PDFDocEncoding definition (HO)
Now handling font encoding PD1 ...
... no UTF-8 mapping file for font encoding PD1
)
\Hy@SavedSpaceFactor=\count295

("C:\Program Files\MiKTeX 2.9\tex\latex\00miktex\hyperref.cfg"
File: hyperref.cfg 2002/06/06 v1.2 hyperref configuration of TeXLive
)
Package hyperref Info: Hyper figures OFF on input line 4509.
Package hyperref Info: Link nesting OFF on input line 4514.
Package hyperref Info: Hyper index ON on input line 4517.
Package hyperref Info: Plain pages OFF on input line 4524.
Package hyperref Info: Backreferencing OFF on input line 4529.
Package hyperref Info: Implicit mode ON; LaTeX internals redefined.
Package hyperref Info: Bookmarks ON on input line 4762.
\c@Hy@tempcnt=\count296

("C:\Program Files\MiKTeX 2.9\tex\latex\url\url.sty"
\Urlmuskip=\muskip17
Package: url 2013/09/16  ver 3.4  Verb mode for urls, etc.
)
LaTeX Info: Redefining \url on input line 5115.
\XeTeXLinkMargin=\dimen265
\Fld@menulength=\count297
\Field@Width=\dimen266
\Fld@charsize=\dimen267
Package hyperref Info: Hyper figures OFF on input line 6369.
Package hyperref Info: Link nesting OFF on input line 6374.
Package hyperref Info: Hyper index ON on input line 6377.
Package hyperref Info: backreferencing OFF on input line 6384.
Package hyperref Info: Link coloring OFF on input line 6389.
Package hyperref Info: Link coloring with OCG OFF on input line 6394.
Package hyperref Info: PDF/A mode OFF on input line 6399.
LaTeX Info: Redefining \ref on input line 6439.
LaTeX Info: Redefining \pageref on input line 6443.
\Hy@abspage=\count298
\c@Item=\count299
\c@Hfootnote=\count300
)
Package hyperref Info: Driver (autodetected): hpdftex.

("C:\Program Files\MiKTeX 2.9\tex\latex\hyperref\hpdftex.def"
File: hpdftex.def 2018/02/06 v6.86b Hyperref driver for pdfTeX
\Fld@listcount=\count301
\c@bookmark@seq@number=\count302

("C:\Program Files\MiKTeX 2.9\tex\latex\oberdiek\rerunfilecheck.sty"
Package: rerunfilecheck 2016/05/16 v1.8 Rerun checks for auxiliary files (HO)
Package uniquecounter Info: New unique counter `rerunfilecheck' on input line 2
82.
)
\Hy@SectionHShift=\skip76
)
Package hyperref Info: Option `colorlinks' set `false' on input line 958.
Package hyperref Info: Option `linktocpage' set `true' on input line 958.


Package hyperref Warning: Token not allowed in a PDF string (PDFDocEncoding):
(hyperref)                removing `\ctuthesis_field_use:nn' on input line 958.



Package hyperref Warning: Token not allowed in a PDF string (PDFDocEncoding):
(hyperref)                removing `\ctuthesis_field_use:n' on input line 958.

) (ctuth-templates.tex
File: ctuth-templates.tex 2016/06/15 v0.1t1606152353 "Templates" part of the cl
ass ctuthesis
.................................................
. LaTeX info: "xparse/redefine-command"
. 
. Redefining command \mainmatter with sig. '' on line 223.
.................................................
.................................................
. LaTeX info: "xparse/redefine-command"
. 
. Redefining command \maketitle with sig. '' on line 228.
.................................................
)
\c@theorem=\count303

("C:\Program Files\MiKTeX 2.9\tex\latex\lineno\lineno.sty"
Package: lineno 2005/11/02 line numbers on paragraphs v4.41
\linenopenalty=\count304
\output=\toks39
\linenoprevgraf=\count305
\linenumbersep=\dimen268
\linenumberwidth=\dimen269
\c@linenumber=\count306
\c@pagewiselinenumber=\count307
\c@LN@truepage=\count308
\c@internallinenumber=\count309
\c@internallinenumbers=\count310
\quotelinenumbersep=\dimen270
\bframerule=\dimen271
\bframesep=\dimen272
\bframebox=\box85
LaTeX Info: Redefining \\ on input line 3056.
)
("C:\Program Files\MiKTeX 2.9\tex\latex\lipsum\lipsum.sty"
Package: lipsum 2014/07/27 v1.3 150 paragraphs of Lorem Ipsum dummy text
\c@lips@count=\count311
)
("C:\Program Files\MiKTeX 2.9\tex\latex\blindtext\blindtext.sty"
Package: blindtext 2012/01/06 V2.0 blindtext-Package

("C:\Program Files\MiKTeX 2.9\tex\latex\tools\xspace.sty"
Package: xspace 2014/10/28 v1.13 Space after command names (DPC,MH)
)
\c@blindtext=\count312
\c@Blindtext=\count313
\c@blind@countparstart=\count314
\blind@countxx=\count315
\blindtext@numBlindtext=\count316
\blind@countyy=\count317
\c@blindlist=\count318
\c@blindlistlevel=\count319
\c@blindlist@level=\count320
\blind@listitem=\count321
\c@blind@listcount=\count322
\c@blind@levelcount=\count323
\blind@mathformula=\count324
\blind@Mathformula=\count325
\c@blind@randomcount=\count326
\c@blind@randommax=\count327
\c@blind@pangramcount=\count328
\c@blind@pangrammax=\count329
)
("C:\Program Files\MiKTeX 2.9\tex\latex\jknappen\mathrsfs.sty"
Package: mathrsfs 1996/01/01 Math RSFS package v1.0 (jk)
\symrsfs=\mathgroup6
) (Thesis.aux)
\openout1 = `Thesis.aux'.

LaTeX Font Info:    Checking defaults for OML/cmm/m/it on input line 122.
LaTeX Font Info:    ... okay on input line 122.
LaTeX Font Info:    Checking defaults for T1/cmr/m/n on input line 122.
LaTeX Font Info:    ... okay on input line 122.
LaTeX Font Info:    Checking defaults for OT1/cmr/m/n on input line 122.
LaTeX Font Info:    ... okay on input line 122.
LaTeX Font Info:    Checking defaults for OMS/cmsy/m/n on input line 122.
LaTeX Font Info:    ... okay on input line 122.
LaTeX Font Info:    Checking defaults for OMX/cmex/m/n on input line 122.
LaTeX Font Info:    ... okay on input line 122.
LaTeX Font Info:    Checking defaults for U/cmr/m/n on input line 122.
LaTeX Font Info:    ... okay on input line 122.
LaTeX Font Info:    Checking defaults for PD1/pdf/m/n on input line 122.
LaTeX Font Info:    ... okay on input line 122.
LaTeX Font Info:    Try loading font information for T1+lmr on input line 122.

("C:\Program Files\MiKTeX 2.9\tex\latex\lm\t1lmr.fd"
File: t1lmr.fd 2009/10/30 v1.6 Font defs for Latin Modern
)
("C:\Program Files\MiKTeX 2.9\tex\context\base\supp-pdf.mkii"
[Loading MPS to PDF converter (version 2006.09.02).]
\scratchcounter=\count330
\scratchdimen=\dimen273
\scratchbox=\box86
\nofMPsegments=\count331
\nofMParguments=\count332
\everyMPshowfont=\toks40
\MPscratchCnt=\count333
\MPscratchDim=\dimen274
\MPnumerator=\count334
\makeMPintoPDFobject=\count335
\everyMPtoPDFconversion=\toks41
) ("C:\Program Files\MiKTeX 2.9\tex\latex\oberdiek\epstopdf-base.sty"
Package: epstopdf-base 2016/05/15 v2.6 Base part for package epstopdf

("C:\Program Files\MiKTeX 2.9\tex\latex\oberdiek\grfext.sty"
Package: grfext 2016/05/16 v1.2 Manage graphics extensions (HO)
)
Package epstopdf-base Info: Redefining graphics rule for `.eps' on input line 4
38.
Package grfext Info: Graphics extension search list:
(grfext)             [.pdf,.png,.jpg,.eps]
(grfext)             \AppendGraphicsExtensions on input line 456.
)
\c@lstlisting=\count336
LaTeX Info: Redefining \microtypecontext on input line 122.
Package microtype Info: Generating PDF output.
Package microtype Info: Character protrusion enabled (level 2).
Package microtype Info: Using default protrusion set `alltext'.
Package microtype Info: Automatic font expansion enabled (level 2),
(microtype)             stretch: 20, shrink: 20, step: 1, non-selected.
Package microtype Info: Using default expansion set `basictext'.
Package microtype Info: No adjustment of tracking.
Package microtype Info: No adjustment of interword spacing.
Package microtype Info: No adjustment of character kerning.

("C:\Program Files\MiKTeX 2.9\tex\latex\microtype\mt-cmr.cfg"
File: mt-cmr.cfg 2013/05/19 v2.2 microtype config. file: Computer Modern Roman 
(RS)
)
\AtBeginShipoutBox=\box87

("C:\Program Files\MiKTeX 2.9\tex\latex\oberdiek\pdflscape.sty"
Package: pdflscape 2016/05/14 v0.11 Display of landscape pages in PDF (HO)

("C:\Program Files\MiKTeX 2.9\tex\latex\graphics\lscape.sty"
Package: lscape 2000/10/22 v3.01 Landscape Pages (DPC)
)
Package pdflscape Info: Auto-detected driver: pdftex on input line 81.
)
*geometry* driver: auto-detecting
*geometry* detected driver: pdftex
*geometry* verbose mode - [ preamble ] result:
* driver: pdftex
* paper: a4paper
* layout: <same size as paper>
* layoutoffset:(h,v)=(0.0pt,0.0pt)
* vratio: 5:6
* modes: twoside 
* h-part:(L,W,R)=(93.8031pt, 363.0pt, 140.70477pt)
* v-part:(T,H,B)=(96.02798pt, 633.78513pt, 115.23373pt)
* \paperwidth=597.50787pt
* \paperheight=845.04684pt
* \textwidth=363.0pt
* \textheight=633.78513pt
* \oddsidemargin=21.53311pt
* \evensidemargin=68.43478pt
* \topmargin=-12.1158pt
* \headheight=16.0pt
* \headsep=19.8738pt
* \topskip=11.0pt
* \footskip=27.46295pt
* \marginparwidth=90.70477pt
* \marginparsep=10.0pt
* \columnsep=10.0pt
* \skip\footins=10.0pt plus 4.0pt minus 2.0pt
* \hoffset=0.0pt
* \voffset=0.0pt
* \mag=1000
* \@twocolumnfalse
* \@twosidetrue
* \@mparswitchtrue
* \@reversemarginfalse
* (1in=72.27pt=25.4mm, 1cm=28.453pt)

Package caption Info: Begin \AtBeginDocument code.
Package caption Info: hyperref package is loaded.
Package caption Info: End \AtBeginDocument code.
Package hyperref Info: Link coloring OFF on input line 122.
("C:\Program Files\MiKTeX 2.9\tex\latex\hyperref\nameref.sty"
Package: nameref 2016/05/21 v2.44 Cross-referencing by name of section

("C:\Program Files\MiKTeX 2.9\tex\generic\oberdiek\gettitlestring.sty"
Package: gettitlestring 2016/05/16 v1.5 Cleanup title references (HO)
)
\c@section@level=\count337
)
LaTeX Info: Redefining \ref on input line 122.
LaTeX Info: Redefining \pageref on input line 122.
LaTeX Info: Redefining \nameref on input line 122.

(Thesis.out) (Thesis.out)
\@outlinefile=\write4
\openout4 = `Thesis.out'.

Package microtype Info: Loading generic protrusion settings for font family
(microtype)             `lmss' (encoding: T1).
(microtype)             For optimal results, create family-specific settings.
(microtype)             See the microtype manual for details.
LaTeX Font Info:    Try loading font information for OT1+lmr on input line 124.

 ("C:\Program Files\MiKTeX 2.9\tex\latex\lm\ot1lmr.fd"
File: ot1lmr.fd 2009/10/30 v1.6 Font defs for Latin Modern
)
LaTeX Font Info:    Try loading font information for OML+lmm on input line 124.

 ("C:\Program Files\MiKTeX 2.9\tex\latex\lm\omllmm.fd"
File: omllmm.fd 2009/10/30 v1.6 Font defs for Latin Modern
)
LaTeX Font Info:    Try loading font information for OMS+lmsy on input line 124
.

("C:\Program Files\MiKTeX 2.9\tex\latex\lm\omslmsy.fd"
File: omslmsy.fd 2009/10/30 v1.6 Font defs for Latin Modern
)
LaTeX Font Info:    Try loading font information for OMX+lmex on input line 124
.

("C:\Program Files\MiKTeX 2.9\tex\latex\lm\omxlmex.fd"
File: omxlmex.fd 2009/10/30 v1.6 Font defs for Latin Modern
)
LaTeX Font Info:    External font `lmex10' loaded for size
(Font)              <10.95> on input line 124.
LaTeX Font Info:    External font `lmex10' loaded for size
(Font)              <8> on input line 124.
LaTeX Font Info:    External font `lmex10' loaded for size
(Font)              <6> on input line 124.
LaTeX Font Info:    Try loading font information for U+msa on input line 124.

("C:\Program Files\MiKTeX 2.9\tex\latex\amsfonts\umsa.fd"
File: umsa.fd 2013/01/14 v3.01 AMS symbols A
)
("C:\Program Files\MiKTeX 2.9\tex\latex\microtype\mt-msa.cfg"
File: mt-msa.cfg 2006/02/04 v1.1 microtype config. file: AMS symbols (a) (RS)
)
LaTeX Font Info:    Try loading font information for U+msb on input line 124.

("C:\Program Files\MiKTeX 2.9\tex\latex\amsfonts\umsb.fd"
File: umsb.fd 2013/01/14 v3.01 AMS symbols B
)
("C:\Program Files\MiKTeX 2.9\tex\latex\microtype\mt-msb.cfg"
File: mt-msb.cfg 2005/06/01 v1.0 microtype config. file: AMS symbols (b) (RS)
)
LaTeX Font Info:    Try loading font information for U+rsfs on input line 124.

("C:\Program Files\MiKTeX 2.9\tex\latex\jknappen\ursfs.fd"
File: ursfs.fd 1998/03/24 rsfs font definition file (jk)
)
<ctu_logo_black.pdf, id=175, 366.36874pt x 279.0425pt>
File: ctu_logo_black.pdf Graphic file (type pdf)
<use ctu_logo_black.pdf>
Package pdftex.def Info: ctu_logo_black.pdf  used on input line 124.
(pdftex.def)             Requested size: 85.86746pt x 65.40001pt.
LaTeX Font Info:    External font `lmex10' loaded for size
(Font)              <14.4> on input line 124.
LaTeX Font Info:    External font `lmex10' loaded for size
(Font)              <10> on input line 124.
LaTeX Font Info:    External font `lmex10' loaded for size
(Font)              <7> on input line 124.
LaTeX Font Info:    Font shape `T1/lmss/bx/it' in size <14.4> not available
(Font)              Font shape `T1/lmss/bx/sl' tried instead on input line 124.


Overfull \hbox (5.0pt too wide) in paragraph at lines 124--124
[]|| [][][] 
 []

[1



{C:/Users/Z003WHXH/AppData/Local/MiKTeX/2.9/pdftex/config/pdftex.map} <./ctu_lo
go_black.pdf>]
LaTeX Font Info:    Try loading font information for T1+lmtt on input line 124.

 ("C:\Program Files\MiKTeX 2.9\tex\latex\lm\t1lmtt.fd"
File: t1lmtt.fd 2009/10/30 v1.6 Font defs for Latin Modern
)
Package microtype Info: Loading generic protrusion settings for font family
(microtype)             `lmtt' (encoding: T1).
(microtype)             For optimal results, create family-specific settings.
(microtype)             See the microtype manual for details.

[2

]
*geometry* verbose mode - [ newgeometry ] result:
* driver: pdftex
* paper: a4paper
* layout: <same size as paper>
* layoutoffset:(h,v)=(0.0pt,0.0pt)
* vratio: 5:6
* modes: twoside 
* h-part:(L,W,R)=(93.8031pt, 420.0pt, 83.70477pt)
* v-part:(T,H,B)=(96.02798pt, 633.78513pt, 115.23373pt)
* \paperwidth=597.50787pt
* \paperheight=845.04684pt
* \textwidth=420.0pt
* \textheight=633.78513pt
* \oddsidemargin=21.53311pt
* \evensidemargin=11.43478pt
* \topmargin=-12.1158pt
* \headheight=16.0pt
* \headsep=19.8738pt
* \topskip=11.0pt
* \footskip=27.46295pt
* \marginparwidth=90.70477pt
* \marginparsep=10.0pt
* \columnsep=30.0pt
* \skip\footins=10.0pt plus 4.0pt minus 2.0pt
* \hoffset=0.0pt
* \voffset=0.0pt
* \mag=1000
* \@twocolumnfalse
* \@twosidetrue
* \@mparswitchtrue
* \@reversemarginfalse
* (1in=72.27pt=25.4mm, 1cm=28.453pt)

.................................................
. LaTeX info: "xparse/redefine-command"
. 
. Redefining command \chapter with sig. 'som' on line 124.
.................................................
.................................................
. LaTeX info: "xparse/redefine-command"
. 
. Redefining command \tableofcontents with sig. '' on line 124.
.................................................
.................................................
. LaTeX info: "xparse/redefine-command"
. 
. Redefining command \listoffigures with sig. '' on line 124.
.................................................
.................................................
. LaTeX info: "xparse/redefine-command"
. 
. Redefining command \listoftables with sig. '' on line 124.
.................................................

Underfull \hbox (badness 10000) in paragraph at lines 124--124

 []


Underfull \hbox (badness 10000) in paragraph at lines 124--124

 []

[3


]
Underfull \hbox (badness 1092) in paragraph at lines 124--124
\T1/lmr/m/n/10.95 (+20) This dis-ser-ta-tion sur-veys the cur-rent
 []

[4

] (Thesis.toc)
\tf@toc=\write5
\openout5 = `Thesis.toc'.

 [5

] (Thesis.lof)
\tf@lof=\write6
\openout6 = `Thesis.lof'.

 (Thesis.lot)
\tf@lot=\write7
\openout7 = `Thesis.lot'.

 [6

]
*geometry* verbose mode - [ newgeometry ] result:
* driver: pdftex
* paper: a4paper
* layout: <same size as paper>
* layoutoffset:(h,v)=(0.0pt,0.0pt)
* vratio: 5:6
* modes: twoside 
* h-part:(L,W,R)=(93.8031pt, 363.0pt, 140.70477pt)
* v-part:(T,H,B)=(96.02798pt, 633.78513pt, 115.23373pt)
* \paperwidth=597.50787pt
* \paperheight=845.04684pt
* \textwidth=363.0pt
* \textheight=633.78513pt
* \oddsidemargin=21.53311pt
* \evensidemargin=68.43478pt
* \topmargin=-12.1158pt
* \headheight=16.0pt
* \headsep=19.8738pt
* \topskip=11.0pt
* \footskip=27.46295pt
* \marginparwidth=90.70477pt
* \marginparsep=10.0pt
* \columnsep=10.0pt
* \skip\footins=10.0pt plus 4.0pt minus 2.0pt
* \hoffset=0.0pt
* \voffset=0.0pt
* \mag=1000
* \@twocolumnfalse
* \@twosidetrue
* \@mparswitchtrue
* \@reversemarginfalse
* (1in=72.27pt=25.4mm, 1cm=28.453pt)

LaTeX Font Info:    Font shape `T1/lmss/m/it' in size <10.95> not available
(Font)              Font shape `T1/lmss/m/sl' tried instead on input line 133.
 [1




]
Chapter 1.
<BeerMakingFlowChart.pdf, id=313, 643.40375pt x 724.7075pt>
File: BeerMakingFlowChart.pdf Graphic file (type pdf)
<use BeerMakingFlowChart.pdf>
Package pdftex.def Info: BeerMakingFlowChart.pdf  used on input line 148.
(pdftex.def)             Requested size: 250.92645pt x 282.63478pt.
[2 <./BeerMakingFlowChart.pdf>] [3]
<MashingTable.jpg, id=334, 914.81775pt x 199.947pt>
File: MashingTable.jpg Graphic file (type jpg)
<use MashingTable.jpg>
Package pdftex.def Info: MashingTable.jpg  used on input line 170.
(pdftex.def)             Requested size: 363.0pt x 79.33667pt.
LaTeX Font Info:    External font `lmex10' loaded for size
(Font)              <5> on input line 172.
 [4 <./MashingTable.jpg>] [5]
Chapter 2.

Underfull \hbox (badness 10000) in paragraph at lines 205--207

 []


Underfull \hbox (badness 10000) in paragraph at lines 215--216

 []

[6]
Underfull \hbox (badness 10000) in paragraph at lines 220--224

 []

<sg-ultra-max-digital-densitymeter-d.jpg, id=357, 240.9pt x 249.93375pt>
File: sg-ultra-max-digital-densitymeter-d.jpg Graphic file (type jpg)
<use sg-ultra-max-digital-densitymeter-d.jpg>
Package pdftex.def Info: sg-ultra-max-digital-densitymeter-d.jpg  used on input
 line 227.
(pdftex.def)             Requested size: 144.5411pt x 149.9614pt.

Underfull \hbox (badness 10000) in paragraph at lines 234--236

 []

<u-tube-density-meter.jpg, id=359, 621.32124pt x 374.39874pt>
File: u-tube-density-meter.jpg Graphic file (type jpg)
<use u-tube-density-meter.jpg>
Package pdftex.def Info: u-tube-density-meter.jpg  used on input line 240.
(pdftex.def)             Requested size: 279.59198pt x 168.47787pt.
[7 <./sg-ultra-max-digital-densitymeter-d.jpg>]
<spectrometer.jpg, id=371, 150.5625pt x 109.30838pt>
File: spectrometer.jpg Graphic file (type jpg)
<use spectrometer.jpg>
Package pdftex.def Info: spectrometer.jpg  used on input line 253.
(pdftex.def)             Requested size: 112.92159pt x 81.98108pt.
 [8 <./u-tube-density-meter.jpg> <./spectrometer.jpg>]
<spectrometer_scheme.jpg, id=377, 549.05125pt x 122.4575pt>
File: spectrometer_scheme.jpg Graphic file (type jpg)
<use spectrometer_scheme.jpg>
Package pdftex.def Info: spectrometer_scheme.jpg  used on input line 262.
(pdftex.def)             Requested size: 363.0pt x 80.96419pt.

Underfull \hbox (badness 10000) in paragraph at lines 271--273

 []

<refurbished-gas_chromatograph.jpg, id=382, 304.9794pt x 275.3487pt>
File: refurbished-gas_chromatograph.jpg Graphic file (type jpg)
<use refurbished-gas_chromatograph.jpg>
Package pdftex.def Info: refurbished-gas_chromatograph.jpg  used on input line 
276.
(pdftex.def)             Requested size: 121.9896pt x 110.13751pt.
[9 <./spectrometer_scheme.jpg>]
<Gas_Chromatograph_PDF.pdf, id=390, 751.80875pt x 306.14375pt>
File: Gas_Chromatograph_PDF.pdf Graphic file (type pdf)
<use Gas_Chromatograph_PDF.pdf>
Package pdftex.def Info: Gas_Chromatograph_PDF.pdf  used on input line 286.
(pdftex.def)             Requested size: 363.0pt x 147.82086pt.
 [10 <./refurbished-gas_chromatograph.jpg> <./Gas_Chromatograph_PDF.pdf>] [11]
Chapter 3.

Underfull \hbox (badness 10000) in paragraph at lines 309--313

 []

<hydrometer.jpg, id=406, 289.08pt x 311.1625pt>
File: hydrometer.jpg Graphic file (type jpg)
<use hydrometer.jpg>
Package pdftex.def Info: hydrometer.jpg  used on input line 317.
(pdftex.def)             Requested size: 202.35461pt x 217.81226pt.
[12]
Underfull \hbox (badness 10000) in paragraph at lines 331--334

 []

[13 <./hydrometer.jpg>]
<Housing.pdf, id=418, 514.92375pt x 501.875pt>
File: Housing.pdf Graphic file (type pdf)
<use Housing.pdf>
Package pdftex.def Info: Housing.pdf  used on input line 337.
(pdftex.def)             Requested size: 205.96585pt x 200.74643pt.
 [14 <./Housing.pdf

pdfTeX warning: pdflatex.exe (file ./Housing.pdf): PDF inclusion: invalid other
 resource which is no dict (key 'ProcSets', type <array>); ignored.
>] [15]
Chapter 4.
[16]
<RasPIZeroW.jpg, id=451, 1027.84pt x 1027.84pt>
File: RasPIZeroW.jpg Graphic file (type jpg)
<use RasPIZeroW.jpg>
Package pdftex.def Info: RasPIZeroW.jpg  used on input line 390.
(pdftex.def)             Requested size: 154.16934pt x 154.16934pt.

Underfull \hbox (badness 10000) in paragraph at lines 396--399

 []

<HCSR04_sizes.jpg, id=454, 494.44725pt x 263.18324pt>
File: HCSR04_sizes.jpg Graphic file (type jpg)
<use HCSR04_sizes.jpg>
Package pdftex.def Info: HCSR04_sizes.jpg  used on input line 402.
(pdftex.def)             Requested size: 247.22302pt x 131.5913pt.
[17 <./RasPIZeroW.jpg>]
<DHT11.jpg, id=463, 361.35pt x 361.35pt>
File: DHT11.jpg Graphic file (type jpg)
<use DHT11.jpg>
Package pdftex.def Info: DHT11.jpg  used on input line 424.
(pdftex.def)             Requested size: 180.67456pt x 180.67456pt.
 [18 <./HCSR04_sizes.jpg>]
Underfull \hbox (badness 10000) in paragraph at lines 431--432

 []

[19 <./DHT11.jpg>]
Underfull \hbox (badness 10000) in paragraph at lines 438--439

 []

<System_architecture.pdf, id=480, 440.64626pt x 348.30125pt>
File: System_architecture.pdf Graphic file (type pdf)
<use System_architecture.pdf>
Package pdftex.def Info: System_architecture.pdf  used on input line 454.
(pdftex.def)             Requested size: 363.0pt x 286.93753pt.
[20 <./System_architecture.pdf

pdfTeX warning: pdflatex.exe (file ./System_architecture.pdf): PDF inclusion: i
nvalid other resource which is no dict (key 'ProcSets', type <array>); ignored.

>] [21]
Underfull \hbox (badness 10000) in paragraph at lines 489--490

 []


Underfull \hbox (badness 10000) in paragraph at lines 505--506

 []

[22]
Underfull \hbox (badness 10000) in paragraph at lines 526--528

 []

[23] [24]
Chapter 5.
[25]
Package epstopdf Info: Source file: <DistanceMeasuringGraphAndFit2.eps>
(epstopdf)                    date: 2018-05-23 15:54:25
(epstopdf)                    size: 31215 bytes
(epstopdf)             Output file: <DistanceMeasuringGraphAndFit2-eps-converte
d-to.pdf>
(epstopdf)                    date: 2018-05-23 15:54:25
(epstopdf)                    size: 7982 bytes
(epstopdf)             Command: <epstopdf --outfile=DistanceMeasuringGraphAndFi
t2-eps-converted-to.pdf DistanceMeasuringGraphAndFit2.eps>
(epstopdf)             \includegraphics on input line 595.
Package epstopdf Info: Output file is already uptodate.
<DistanceMeasuringGraphAndFit2-eps-converted-to.pdf, id=545, 421.575pt x 316.18
124pt>
File: DistanceMeasuringGraphAndFit2-eps-converted-to.pdf Graphic file (type pdf
)
<use DistanceMeasuringGraphAndFit2-eps-converted-to.pdf>
Package pdftex.def Info: DistanceMeasuringGraphAndFit2-eps-converted-to.pdf  us
ed on input line 595.
(pdftex.def)             Requested size: 363.0pt x 272.2531pt.
 [26 <./DistanceMeasuringGraphAndFit2-eps-converted-to.pdf>]
Package epstopdf Info: Source file: <CrossSectionStdBars.eps>
(epstopdf)                    date: 2018-05-23 18:14:10
(epstopdf)                    size: 43115 bytes
(epstopdf)             Output file: <CrossSectionStdBars-eps-converted-to.pdf>
(epstopdf)                    date: 2018-05-23 18:14:10
(epstopdf)                    size: 5046 bytes
(epstopdf)             Command: <epstopdf --outfile=CrossSectionStdBars-eps-con
verted-to.pdf CrossSectionStdBars.eps>
(epstopdf)             \includegraphics on input line 612.
Package epstopdf Info: Output file is already uptodate.
<CrossSectionStdBars-eps-converted-to.pdf, id=555, 1028.84375pt x 489.83pt>
File: CrossSectionStdBars-eps-converted-to.pdf Graphic file (type pdf)
<use CrossSectionStdBars-eps-converted-to.pdf>
Package pdftex.def Info: CrossSectionStdBars-eps-converted-to.pdf  used on inpu
t line 612.
(pdftex.def)             Requested size: 363.0pt x 172.82579pt.
 [27]
Package epstopdf Info: Source file: <stdAcrossAllMeasurements.eps>
(epstopdf)                    date: 2018-05-23 15:54:25
(epstopdf)                    size: 32632 bytes
(epstopdf)             Output file: <stdAcrossAllMeasurements-eps-converted-to.
pdf>
(epstopdf)                    date: 2018-05-23 15:54:25
(epstopdf)                    size: 5440 bytes
(epstopdf)             Command: <epstopdf --outfile=stdAcrossAllMeasurements-ep
s-converted-to.pdf stdAcrossAllMeasurements.eps>
(epstopdf)             \includegraphics on input line 618.
Package epstopdf Info: Output file is already uptodate.
<stdAcrossAllMeasurements-eps-converted-to.pdf, id=560, 421.575pt x 316.18124pt
>
File: stdAcrossAllMeasurements-eps-converted-to.pdf Graphic file (type pdf)
<use stdAcrossAllMeasurements-eps-converted-to.pdf>
Package pdftex.def Info: stdAcrossAllMeasurements-eps-converted-to.pdf  used on
 input line 618.
(pdftex.def)             Requested size: 363.0pt x 272.2531pt.
Package epstopdf Info: Source file: <CrossSectionReadingsStd.eps>
(epstopdf)                    date: 2018-05-21 21:28:39
(epstopdf)                    size: 18837 bytes
(epstopdf)             Output file: <CrossSectionReadingsStd-eps-converted-to.p
df>
(epstopdf)                    date: 2018-05-21 21:28:39
(epstopdf)                    size: 4355 bytes
(epstopdf)             Command: <epstopdf --outfile=CrossSectionReadingsStd-eps
-converted-to.pdf CrossSectionReadingsStd.eps>
(epstopdf)             \includegraphics on input line 628.
Package epstopdf Info: Output file is already uptodate.
<CrossSectionReadingsStd-eps-converted-to.pdf, id=561, 492.84125pt x 352.31625p
t>
File: CrossSectionReadingsStd-eps-converted-to.pdf Graphic file (type pdf)
<use CrossSectionReadingsStd-eps-converted-to.pdf>
Package pdftex.def Info: CrossSectionReadingsStd-eps-converted-to.pdf  used on 
input line 628.
(pdftex.def)             Requested size: 363.0pt x 259.51111pt.
 [28 <./CrossSectionStdBars-eps-converted-to.pdf> <./stdAcrossAllMeasurements-e
ps-converted-to.pdf>] [29 <./CrossSectionReadingsStd-eps-converted-to.pdf>]
Package epstopdf Info: Source file: <SpecificGravityComparison.eps>
(epstopdf)                    date: 2018-05-23 15:54:25
(epstopdf)                    size: 21085 bytes
(epstopdf)             Output file: <SpecificGravityComparison-eps-converted-to
.pdf>
(epstopdf)                    date: 2018-05-23 15:54:25
(epstopdf)                    size: 4529 bytes
(epstopdf)             Command: <epstopdf --outfile=SpecificGravityComparison-e
ps-converted-to.pdf SpecificGravityComparison.eps>
(epstopdf)             \includegraphics on input line 661.
Package epstopdf Info: Output file is already uptodate.
<SpecificGravityComparison-eps-converted-to.pdf, id=582, 421.575pt x 316.18124p
t>
File: SpecificGravityComparison-eps-converted-to.pdf Graphic file (type pdf)
<use SpecificGravityComparison-eps-converted-to.pdf>
Package pdftex.def Info: SpecificGravityComparison-eps-converted-to.pdf  used o
n input line 661.
(pdftex.def)             Requested size: 363.0pt x 272.2531pt.
Package epstopdf Info: Source file: <ComparisonBars.eps>
(epstopdf)                    date: 2018-05-23 15:54:25
(epstopdf)                    size: 21136 bytes
(epstopdf)             Output file: <ComparisonBars-eps-converted-to.pdf>
(epstopdf)                    date: 2018-05-23 15:54:25
(epstopdf)                    size: 3890 bytes
(epstopdf)             Command: <epstopdf --outfile=ComparisonBars-eps-converte
d-to.pdf ComparisonBars.eps>
(epstopdf)             \includegraphics on input line 667.
Package epstopdf Info: Output file is already uptodate.
<ComparisonBars-eps-converted-to.pdf, id=583, 421.575pt x 316.18124pt>
File: ComparisonBars-eps-converted-to.pdf Graphic file (type pdf)
<use ComparisonBars-eps-converted-to.pdf>
Package pdftex.def Info: ComparisonBars-eps-converted-to.pdf  used on input lin
e 667.
(pdftex.def)             Requested size: 363.0pt x 272.2531pt.
 [30 <./SpecificGravityComparison-eps-converted-to.pdf>] [31 <./ComparisonBars-
eps-converted-to.pdf>]
Chapter 6.
[32]
.................................................
. LaTeX info: "xparse/redefine-command"
. 
. Redefining command \chapter with sig. 's' on line 707.
.................................................
.................................................
. LaTeX info: "xparse/redefine-command"
. 
. Redefining command \appendix with sig. 'ss' on line 707.
.................................................
 [33] [34

]
Appendix A.

Underfull \hbox (badness 10000) in paragraph at lines 746--749

 []

[35] [36] [37] [38

]
<ctutest-zadani.pdf, id=637, 597.50786pt x 845.04686pt>
File: ctutest-zadani.pdf Graphic file (type pdf)
<use ctutest-zadani.pdf>
Package pdftex.def Info: ctutest-zadani.pdf  used on input line 834.
(pdftex.def)             Requested size: 597.5064pt x 845.0448pt.
File: ctutest-zadani.pdf Graphic file (type pdf)
<use ctutest-zadani.pdf>
Package pdftex.def Info: ctutest-zadani.pdf  used on input line 834.
(pdftex.def)             Requested size: 597.5064pt x 845.0448pt.
<ctutest-zadani.pdf, id=640, page=1, 597.50786pt x 845.04686pt>
File: ctutest-zadani.pdf Graphic file (type pdf)
<use ctutest-zadani.pdf, page 1>
Package pdftex.def Info: ctutest-zadani.pdf , page1 used on input line 834.
(pdftex.def)             Requested size: 597.5064pt x 845.0448pt.
File: ctutest-zadani.pdf Graphic file (type pdf)
<use ctutest-zadani.pdf, page 1>
Package pdftex.def Info: ctutest-zadani.pdf , page1 used on input line 834.
(pdftex.def)             Requested size: 597.53374pt x 845.08348pt.
File: ctutest-zadani.pdf Graphic file (type pdf)
<use ctutest-zadani.pdf, page 1>
Package pdftex.def Info: ctutest-zadani.pdf , page1 used on input line 834.
(pdftex.def)             Requested size: 597.53374pt x 845.08348pt.
File: ctutest-zadani.pdf Graphic file (type pdf)
<use ctutest-zadani.pdf, page 1>
Package pdftex.def Info: ctutest-zadani.pdf , page1 used on input line 834.
(pdftex.def)             Requested size: 597.53374pt x 845.08348pt.
File: ctutest-zadani.pdf Graphic file (type pdf)
<use ctutest-zadani.pdf, page 1>
Package pdftex.def Info: ctutest-zadani.pdf , page1 used on input line 834.
(pdftex.def)             Requested size: 597.53374pt x 845.08348pt.
 [39 <./ctutest-zadani.pdf>]
<ctutest-zadani.pdf, id=662, page=2, 597.50786pt x 845.04686pt>
File: ctutest-zadani.pdf Graphic file (type pdf)
<use ctutest-zadani.pdf, page 2>
Package pdftex.def Info: ctutest-zadani.pdf , page2 used on input line 834.
(pdftex.def)             Requested size: 597.53374pt x 845.08348pt.
File: ctutest-zadani.pdf Graphic file (type pdf)
<use ctutest-zadani.pdf, page 2>
Package pdftex.def Info: ctutest-zadani.pdf , page2 used on input line 834.
(pdftex.def)             Requested size: 597.53374pt x 845.08348pt.
File: ctutest-zadani.pdf Graphic file (type pdf)
<use ctutest-zadani.pdf, page 2>
Package pdftex.def Info: ctutest-zadani.pdf , page2 used on input line 834.
(pdftex.def)             Requested size: 597.53374pt x 845.08348pt.
 [40 <./ctutest-zadani.pdf>]
Package atveryend Info: Empty hook `BeforeClearDocument' on input line 836.
Package atveryend Info: Empty hook `AfterLastShipout' on input line 836.

(Thesis.aux)
Package atveryend Info: Executing hook `AtVeryEndDocument' on input line 836.


 *File List*
ctuthesis.cls    2016/06/15 v0.1 t1606152353 Class for typesetting CTU theses a
nd alike
   expl3.sty    2018-04-30 L3 programming layer (loader) 
expl3-code.tex    2018-04-30 L3 programming layer 
l3pdfmode.def    2018-05-12 v L3 Experimental driver: PDF mode
l3keys2e.sty    2018-05-12 LaTeX2e option processing using LaTeX3 keys
 environ.sty    2014/05/04 v0.3 A new way to define environments
trimspaces.sty    2009/09/17 v1.1 Trim spaces around a token list
  xparse.sty    2018-05-12 L3 Experimental document command parser
inputenc.sty    2018/04/06 v1.3b Input encoding file
ctuth-core.tex    2016/06/15 v0.1t1606152353 "Core" part of the class ctuthesis

    book.cls    2014/09/29 v1.4h Standard LaTeX document class
    bk11.clo    2014/09/29 v1.4h Standard LaTeX file (size option)
ctuth-names.tex
graphicx.sty    2017/06/01 v1.1a Enhanced LaTeX Graphics (DPC,SPQR)
  keyval.sty    2014/10/28 v1.15 key=value parser (DPC)
graphics.sty    2017/06/25 v1.2c Standard LaTeX Graphics (DPC,SPQR)
    trig.sty    2016/01/03 v1.10 sin cos tan (DPC)
graphics.cfg    2016/06/04 v1.11 sample graphics configuration
  pdftex.def    2018/01/08 v1.0l Graphics/color driver for pdftex
listings.sty    2015/06/04 1.6 (Carsten Heinz)
 lstmisc.sty    2015/06/04 1.6 (Carsten Heinz)
listings.cfg    2015/06/04 1.6 listings configuration
mathtools.sty    2018/01/08 v1.21 mathematical typesetting tools
    calc.sty    2017/05/25 v4.3 Infix arithmetic (KKT,FJ)
 mhsetup.sty    2017/03/31 v1.3 programming setup (MH)
 amsmath.sty    2017/09/02 v2.17a AMS math features
 amstext.sty    2000/06/29 v2.01 AMS text
  amsgen.sty    1999/11/30 v2.0 generic functions
  amsbsy.sty    1999/11/29 v1.2d Bold Symbols
  amsopn.sty    2016/03/08 v2.02 operator names
ctuth-pkg.tex    2016/06/15 v0.1t1606152353 "Packages" part of the class ctuthe
sis
 lmodern.sty    2009/10/30 v1.6 Latin Modern Fonts
 fontenc.sty
   t1enc.def    2017/04/05 v2.0i Standard LaTeX file
microtype.sty    2018/01/14 v2.7a Micro-typographical refinements (RS)
microtype-pdftex.def    2018/01/14 v2.7a Definitions specific to pdftex (RS)
microtype.cfg    2018/01/14 v2.7a microtype main configuration file (RS)
pdfpages.sty    2017/10/31 v0.5l Insert pages of external PDF documents (AM)
  ifthen.sty    2014/09/29 v1.1c Standard LaTeX ifthen package (DPC)
 eso-pic.sty    2018/04/12 v2.0h eso-pic (RN)
atbegshi.sty    2016/06/09 v1.18 At begin shipout hook (HO)
infwarerr.sty    2016/05/16 v1.4 Providing info/warning/error messages (HO)
 ltxcmds.sty    2016/05/16 v1.23 LaTeX kernel commands for general use (HO)
   ifpdf.sty    2017/03/15 v3.2 Provides the ifpdf switch
  xcolor.sty    2016/05/11 v2.12 LaTeX color extensions (UK)
   color.cfg    2016/01/02 v1.6 sample color configuration
pppdftex.def    2017/10/31 v0.5l Pdfpages driver for pdfTeX (AM)
   babel.sty    2018/05/02 3.20 The Babel package
 bblopts.cfg    2005/09/08 v0.1 add Arabic and Farsi to "declared" options of b
abel
 english.ldf    2017/06/06 v3.3r English support from the babel system
   czech.ldf    2008/07/06 v3.1a Czech support from the babel system
 english.ldf    2017/06/06 v3.3r English support from the babel system
   czech.ldf    2008/07/06 v3.1a Czech support from the babel system
 english.ldf    2017/06/06 v3.3r English support from the babel system
geometry.sty    2018/04/16 v5.8 Page Geometry
  ifvtex.sty    2016/05/16 v1.6 Detect VTeX and its facilities (HO)
 ifxetex.sty    2010/09/12 v0.6 Provides ifxetex conditional
geometry.cfg
titlesec.sty    2016/03/21 v2.10.2 Sectioning titles
fancyhdr.sty    2017/06/30 v3.9a Extensive control of page headers and footers
  t1lmss.fd    2009/10/30 v1.6 Font defs for Latin Modern
   float.sty    2001/11/08 v1.3d Float enhancements (AL)
 caption.sty    2016/02/21 v3.3-144 Customizing captions (AR)
caption3.sty    2016/05/22 v1.7-166 caption3 kernel (AR)
booktabs.sty    2005/04/14 v1.61803 publication quality tables
 amssymb.sty    2013/01/14 v3.01 AMS font symbols
amsfonts.sty    2013/01/14 v3.01 Basic AMSFonts support
  amsthm.sty    2017/10/31 v2.20.4
 makeidx.sty    2014/09/29 v1.0m Standard LaTeX package
multicol.sty    2018/04/20 v1.8s multicolumn formatting (FMi)
hyperref.sty    2018/02/06 v6.86b Hypertext links for LaTeX
hobsub-hyperref.sty    2016/05/16 v1.14 Bundle oberdiek, subset hyperref (HO)
hobsub-generic.sty    2016/05/16 v1.14 Bundle oberdiek, subset generic (HO)
  hobsub.sty    2016/05/16 v1.14 Construct package bundles (HO)
ifluatex.sty    2016/05/16 v1.4 Provides the ifluatex switch (HO)
 intcalc.sty    2016/05/16 v1.2 Expandable calculations with integers (HO)
etexcmds.sty    2016/05/16 v1.6 Avoid name clashes with e-TeX commands (HO)
kvsetkeys.sty    2016/05/16 v1.17 Key value parser (HO)
kvdefinekeys.sty    2016/05/16 v1.4 Define keys (HO)
pdftexcmds.sty    2018/01/30 v0.27 Utility functions of pdfTeX for LuaTeX (HO)
pdfescape.sty    2016/05/16 v1.14 Implements pdfTeX's escape features (HO)
bigintcalc.sty    2016/05/16 v1.4 Expandable calculations on big integers (HO)
  bitset.sty    2016/05/16 v1.2 Handle bit-vector datatype (HO)
uniquecounter.sty    2016/05/16 v1.3 Provide unlimited unique counter (HO)
letltxmacro.sty    2016/05/16 v1.5 Let assignment for LaTeX macros (HO)
 hopatch.sty    2016/05/16 v1.3 Wrapper for package hooks (HO)
xcolor-patch.sty    2016/05/16 xcolor patch
atveryend.sty    2016/05/16 v1.9 Hooks at the very end of document (HO)
refcount.sty    2016/05/16 v3.5 Data extraction from label references (HO)
 hycolor.sty    2016/05/16 v1.8 Color options for hyperref/bookmark (HO)
 auxhook.sty    2016/05/16 v1.4 Hooks for auxiliary files (HO)
kvoptions.sty    2016/05/16 v3.12 Key value format for package options (HO)
  pd1enc.def    2018/02/06 v6.86b Hyperref: PDFDocEncoding definition (HO)
hyperref.cfg    2002/06/06 v1.2 hyperref configuration of TeXLive
     url.sty    2013/09/16  ver 3.4  Verb mode for urls, etc.
 hpdftex.def    2018/02/06 v6.86b Hyperref driver for pdfTeX
rerunfilecheck.sty    2016/05/16 v1.8 Rerun checks for auxiliary files (HO)
ctuth-templates.tex    2016/06/15 v0.1t1606152353 "Templates" part of the class
 ctuthesis
  lineno.sty    2005/11/02 line numbers on paragraphs v4.41
  lipsum.sty    2014/07/27 v1.3 150 paragraphs of Lorem Ipsum dummy text
blindtext.sty    2012/01/06 V2.0 blindtext-Package
  xspace.sty    2014/10/28 v1.13 Space after command names (DPC,MH)
mathrsfs.sty    1996/01/01 Math RSFS package v1.0 (jk)
   t1lmr.fd    2009/10/30 v1.6 Font defs for Latin Modern
supp-pdf.mkii
epstopdf-base.sty    2016/05/15 v2.6 Base part for package epstopdf
  grfext.sty    2016/05/16 v1.2 Manage graphics extensions (HO)
  mt-cmr.cfg    2013/05/19 v2.2 microtype config. file: Computer Modern Roman (
RS)
pdflscape.sty    2016/05/14 v0.11 Display of landscape pages in PDF (HO)
  lscape.sty    2000/10/22 v3.01 Landscape Pages (DPC)
 nameref.sty    2016/05/21 v2.44 Cross-referencing by name of section
gettitlestring.sty    2016/05/16 v1.5 Cleanup title references (HO)
  Thesis.out
  Thesis.out
  ot1lmr.fd    2009/10/30 v1.6 Font defs for Latin Modern
  omllmm.fd    2009/10/30 v1.6 Font defs for Latin Modern
 omslmsy.fd    2009/10/30 v1.6 Font defs for Latin Modern
 omxlmex.fd    2009/10/30 v1.6 Font defs for Latin Modern
    umsa.fd    2013/01/14 v3.01 AMS symbols A
  mt-msa.cfg    2006/02/04 v1.1 microtype config. file: AMS symbols (a) (RS)
    umsb.fd    2013/01/14 v3.01 AMS symbols B
  mt-msb.cfg    2005/06/01 v1.0 microtype config. file: AMS symbols (b) (RS)
   ursfs.fd    1998/03/24 rsfs font definition file (jk)
ctu_logo_black.pdf    Graphic file (type pdf)
  t1lmtt.fd    2009/10/30 v1.6 Font defs for Latin Modern
BeerMakingFlowChart.pdf    Graphic file (type pdf)
MashingTable.jpg    Graphic file (type jpg)
sg-ultra-max-digital-densitymeter-d.jpg    Graphic file (type jpg)
u-tube-density-meter.jpg    Graphic file (type jpg)
spectrometer.jpg    Graphic file (type jpg)
spectrometer_scheme.jpg    Graphic file (type jpg)
refurbished-gas_chromatograph.jpg    Graphic file (type jpg)
Gas_Chromatograph_PDF.pdf    Graphic file (type pdf)
hydrometer.jpg    Graphic file (type jpg)
 Housing.pdf    Graphic file (type pdf)
RasPIZeroW.jpg    Graphic file (type jpg)
HCSR04_sizes.jpg    Graphic file (type jpg)
   DHT11.jpg    Graphic file (type jpg)
System_architecture.pdf    Graphic file (type pdf)
DistanceMeasuringGraphAndFit2-eps-converted-to.pdf    Graphic file (type pdf)
CrossSectionStdBars-eps-converted-to.pdf    Graphic file (type pdf)
stdAcrossAllMeasurements-eps-converted-to.pdf    Graphic file (type pdf)
CrossSectionReadingsStd-eps-converted-to.pdf    Graphic file (type pdf)
SpecificGravityComparison-eps-converted-to.pdf    Graphic file (type pdf)
ComparisonBars-eps-converted-to.pdf    Graphic file (type pdf)
ctutest-zadani.pdf    Graphic file (type pdf)
ctutest-zadani.pdf    Graphic file (type pdf)
ctutest-zadani.pdf    Graphic file (type pdf)
ctutest-zadani.pdf    Graphic file (type pdf)
ctutest-zadani.pdf    Graphic file (type pdf)
 ***********

Package atveryend Info: Executing hook `AtEndAfterFileList' on input line 836.
Package rerunfilecheck Info: File `Thesis.out' has not changed.
(rerunfilecheck)             Checksum: 3390B27AB1BA4CC906D401E676ACEB90;2829.
Package atveryend Info: Empty hook `AtVeryVeryEnd' on input line 836.
 ) 
Here is how much of TeX's memory you used:
 24310 strings out of 492976
 418627 string characters out of 3135982
 656469 words of memory out of 3000000
 27541 multiletter control sequences out of 15000+200000
 625603 words of font info for 151 fonts, out of 3000000 for 9000
 1141 hyphenation exceptions out of 8191
 43i,18n,63p,798b,816s stack positions out of 5000i,500n,10000p,200000b,50000s
{C:/Program Files/MiKTeX 2.9/fonts/enc/dvips/lm/lm-ec.enc}{C:/Program Files/M
iKTeX 2.9/fonts/enc/dvips/lm/lm-mathit.enc}{C:/Program Files/MiKTeX 2.9/fonts/e
nc/dvips/lm/lm-mathex.enc}{C:/Program Files/MiKTeX 2.9/fonts/enc/dvips/lm/lm-ma
thsy.enc}{C:/Program Files/MiKTeX 2.9/fonts/enc/dvips/lm/lm-rm.enc}<C:/Program 
Files/MiKTeX 2.9/fonts/type1/public/amsfonts/cm/cmbx12.pfb><C:/Program Files/Mi
KTeX 2.9/fonts/type1/public/amsfonts/cm/cmr12.pfb><C:/Program Files/MiKTeX 2.9/
fonts/type1/public/amsfonts/cm/cmss10.pfb><C:/Program Files/MiKTeX 2.9/fonts/ty
pe1/public/amsfonts/cm/cmss12.pfb><C:/Program Files/MiKTeX 2.9/fonts/type1/publ
ic/lm/lmbxi10.pfb><C:/Program Files/MiKTeX 2.9/fonts/type1/public/lm/lmex10.pfb
><C:/Program Files/MiKTeX 2.9/fonts/type1/public/lm/lmmi10.pfb><C:/Program File
s/MiKTeX 2.9/fonts/type1/public/lm/lmmi8.pfb><C:/Program Files/MiKTeX 2.9/fonts
/type1/public/lm/lmr10.pfb><C:/Program Files/MiKTeX 2.9/fonts/type1/public/lm/l
mr8.pfb><C:/Program Files/MiKTeX 2.9/fonts/type1/public/lm/lmri10.pfb><C:/Progr
am Files/MiKTeX 2.9/fonts/type1/public/lm/lmssbo10.pfb><C:/Program Files/MiKTeX
 2.9/fonts/type1/public/lm/lmssbx10.pfb><C:/Program Files/MiKTeX 2.9/fonts/type
1/public/lm/lmsso10.pfb><C:/Program Files/MiKTeX 2.9/fonts/type1/public/lm/lmsy
10.pfb><C:/Program Files/MiKTeX 2.9/fonts/type1/public/lm/lmsy8.pfb>
Output written on Thesis.pdf (46 pages, 1250057 bytes).
PDF statistics:
 756 PDF objects out of 1000 (max. 8388607)
 156 named destinations out of 1000 (max. 500000)
 26075 words of extra memory for PDF output out of 29859 (max. 10000000)

